app/build/intermediates/manifest_merge_blame_file/release/manifest-merger-blame-release-report.txt
1<?xml version="1.0" encoding="utf-8"?>
2<manifest xmlns:android="http://schemas.android.com/apk/res/android"
3    package="com.drommond.testecovidapp"
4    android:versionCode="1"
5    android:versionName="1.0" >
6
7    <uses-sdk
8        android:minSdkVersion="19"
8-->src\main\AndroidManifest.xml
9        android:targetSdkVersion="29" />
9-->src\main\AndroidManifest.xml
10
11    <!-- Although the *SdkVersion is captured in gradle build files, this is required for non gradle builds -->
12    <!-- <uses-sdk android:minSdkVersion="14"/> -->
13    <uses-permission android:name="android.permission.ACCESS_NETWORK_STATE" />
13-->[com.google.firebase:firebase-database:18.0.0] AndroidManifest.xml:25:5-79
13-->[com.google.firebase:firebase-database:18.0.0] AndroidManifest.xml:25:22-76
14    <uses-permission android:name="android.permission.INTERNET" />
14-->[com.google.firebase:firebase-database:18.0.0] AndroidManifest.xml:26:5-67
14-->[com.google.firebase:firebase-database:18.0.0] AndroidManifest.xml:26:22-64
15    <uses-permission android:name="android.permission.WAKE_LOCK" /> <!-- Required by older versions of Google Play services to create IID tokens -->
15-->[com.google.android.gms:play-services-measurement-api:17.2.2] AndroidManifest.xml:24:5-68
15-->[com.google.android.gms:play-services-measurement-api:17.2.2] AndroidManifest.xml:24:22-65
16    <uses-permission android:name="com.google.android.c2dm.permission.RECEIVE" />
16-->[com.google.firebase:firebase-iid:20.0.2] AndroidManifest.xml:26:5-82
16-->[com.google.firebase:firebase-iid:20.0.2] AndroidManifest.xml:26:22-79
17    <uses-permission android:name="com.google.android.finsky.permission.BIND_GET_INSTALL_REFERRER_SERVICE" />
17-->[com.google.android.gms:play-services-measurement:17.2.2] AndroidManifest.xml:26:5-110
17-->[com.google.android.gms:play-services-measurement:17.2.2] AndroidManifest.xml:26:22-107
18
19    <application
19-->src\main\AndroidManifest.xml:5:5-22:19
20        android:allowBackup="true"
20-->src\main\AndroidManifest.xml:6:9-35
21        android:appComponentFactory="androidx.core.app.CoreComponentFactory"
21-->[androidx.core:core:1.1.0] AndroidManifest.xml:24:18-86
22        android:icon="@mipmap/ic_teste_covid_app"
22-->src\main\AndroidManifest.xml:7:9-50
23        android:label="@string/app_name"
23-->src\main\AndroidManifest.xml:8:9-41
24        android:roundIcon="@mipmap/ic_teste_covid_app_round"
24-->src\main\AndroidManifest.xml:9:9-61
25        android:supportsRtl="true"
25-->src\main\AndroidManifest.xml:10:9-35
26        android:theme="@style/AppTheme" >
26-->src\main\AndroidManifest.xml:11:9-40
27        <activity android:name="com.drommond.testecovidapp.activity.CreditosActivity" />
27-->src\main\AndroidManifest.xml:12:9-72
27-->src\main\AndroidManifest.xml:12:19-60
28        <activity android:name="com.drommond.testecovidapp.activity.MainActivityToolBar" />
28-->src\main\AndroidManifest.xml:13:9-66
28-->src\main\AndroidManifest.xml:13:19-63
29        <activity android:name="com.drommond.testecovidapp.activity.RegiterActivity" />
29-->src\main\AndroidManifest.xml:14:9-62
29-->src\main\AndroidManifest.xml:14:19-59
30        <activity android:name="com.drommond.testecovidapp.activity.LoginActivity" >
30-->src\main\AndroidManifest.xml:15:9-21:20
30-->src\main\AndroidManifest.xml:15:19-57
31            <intent-filter>
31-->src\main\AndroidManifest.xml:16:13-20:29
32                <action android:name="android.intent.action.MAIN" />
32-->src\main\AndroidManifest.xml:17:17-69
32-->src\main\AndroidManifest.xml:17:25-66
33
34                <category android:name="android.intent.category.LAUNCHER" />
34-->src\main\AndroidManifest.xml:19:17-77
34-->src\main\AndroidManifest.xml:19:27-74
35            </intent-filter>
36        </activity>
37        <activity
37-->[com.google.firebase:firebase-auth:18.0.0] AndroidManifest.xml:24:9-31:50
38            android:name="com.google.firebase.auth.internal.FederatedSignInActivity"
38-->[com.google.firebase:firebase-auth:18.0.0] AndroidManifest.xml:25:13-85
39            android:excludeFromRecents="true"
39-->[com.google.firebase:firebase-auth:18.0.0] AndroidManifest.xml:26:13-46
40            android:exported="true"
40-->[com.google.firebase:firebase-auth:18.0.0] AndroidManifest.xml:27:13-36
41            android:launchMode="singleTask"
41-->[com.google.firebase:firebase-auth:18.0.0] AndroidManifest.xml:28:13-44
42            android:permission="com.google.firebase.auth.api.gms.permission.LAUNCH_FEDERATED_SIGN_IN"
42-->[com.google.firebase:firebase-auth:18.0.0] AndroidManifest.xml:29:13-102
43            android:theme="@android:style/Theme.Translucent.NoTitleBar" />
43-->[com.google.firebase:firebase-auth:18.0.0] AndroidManifest.xml:30:13-72
44
45        <service
45-->[com.google.firebase:firebase-auth:18.0.0] AndroidManifest.xml:33:9-39:19
46            android:name="com.google.firebase.components.ComponentDiscoveryService"
46-->[com.google.firebase:firebase-auth:18.0.0] AndroidManifest.xml:34:13-84
47            android:directBootAware="true"
47-->[com.google.firebase:firebase-common:19.3.0] AndroidManifest.xml:34:13-43
48            android:exported="false" >
48-->[com.google.firebase:firebase-auth:18.0.0] AndroidManifest.xml:35:13-37
49            <meta-data
49-->[com.google.firebase:firebase-auth:18.0.0] AndroidManifest.xml:36:13-38:85
50                android:name="com.google.firebase.components:com.google.firebase.auth.FirebaseAuthRegistrar"
50-->[com.google.firebase:firebase-auth:18.0.0] AndroidManifest.xml:37:17-109
51                android:value="com.google.firebase.components.ComponentRegistrar" />
51-->[com.google.firebase:firebase-auth:18.0.0] AndroidManifest.xml:38:17-82
52            <meta-data
52-->[com.google.firebase:firebase-database:18.0.0] AndroidManifest.xml:30:13-32:85
53                android:name="com.google.firebase.components:com.google.firebase.database.DatabaseRegistrar"
53-->[com.google.firebase:firebase-database:18.0.0] AndroidManifest.xml:31:17-109
54                android:value="com.google.firebase.components.ComponentRegistrar" />
54-->[com.google.firebase:firebase-database:18.0.0] AndroidManifest.xml:32:17-82
55            <meta-data
55-->[com.google.android.gms:play-services-measurement-api:17.2.2] AndroidManifest.xml:30:13-32:85
56                android:name="com.google.firebase.components:com.google.firebase.analytics.connector.internal.AnalyticsConnectorRegistrar"
56-->[com.google.android.gms:play-services-measurement-api:17.2.2] AndroidManifest.xml:31:17-139
57                android:value="com.google.firebase.components.ComponentRegistrar" />
57-->[com.google.android.gms:play-services-measurement-api:17.2.2] AndroidManifest.xml:32:17-82
58            <meta-data
58-->[com.google.firebase:firebase-iid:20.0.2] AndroidManifest.xml:32:13-34:85
59                android:name="com.google.firebase.components:com.google.firebase.iid.Registrar"
59-->[com.google.firebase:firebase-iid:20.0.2] AndroidManifest.xml:33:17-96
60                android:value="com.google.firebase.components.ComponentRegistrar" />
60-->[com.google.firebase:firebase-iid:20.0.2] AndroidManifest.xml:34:17-82
61        </service>
62
63        <receiver
63-->[com.google.firebase:firebase-iid:20.0.2] AndroidManifest.xml:37:9-44:20
64            android:name="com.google.firebase.iid.FirebaseInstanceIdReceiver"
64-->[com.google.firebase:firebase-iid:20.0.2] AndroidManifest.xml:38:13-78
65            android:exported="true"
65-->[com.google.firebase:firebase-iid:20.0.2] AndroidManifest.xml:39:13-36
66            android:permission="com.google.android.c2dm.permission.SEND" >
66-->[com.google.firebase:firebase-iid:20.0.2] AndroidManifest.xml:40:13-73
67            <intent-filter>
67-->[com.google.firebase:firebase-iid:20.0.2] AndroidManifest.xml:41:13-43:29
68                <action android:name="com.google.android.c2dm.intent.RECEIVE" />
68-->[com.google.firebase:firebase-iid:20.0.2] AndroidManifest.xml:42:17-81
68-->[com.google.firebase:firebase-iid:20.0.2] AndroidManifest.xml:42:25-78
69            </intent-filter>
70        </receiver>
71
72        <activity
72-->[com.google.android.gms:play-services-base:17.0.0] AndroidManifest.xml:23:9-26:75
73            android:name="com.google.android.gms.common.api.GoogleApiActivity"
73-->[com.google.android.gms:play-services-base:17.0.0] AndroidManifest.xml:24:13-79
74            android:exported="false"
74-->[com.google.android.gms:play-services-base:17.0.0] AndroidManifest.xml:25:13-37
75            android:theme="@android:style/Theme.Translucent.NoTitleBar" />
75-->[com.google.android.gms:play-services-base:17.0.0] AndroidManifest.xml:26:13-72
76
77        <receiver
77-->[com.google.android.gms:play-services-measurement:17.2.2] AndroidManifest.xml:29:9-33:20
78            android:name="com.google.android.gms.measurement.AppMeasurementReceiver"
78-->[com.google.android.gms:play-services-measurement:17.2.2] AndroidManifest.xml:30:13-85
79            android:enabled="true"
79-->[com.google.android.gms:play-services-measurement:17.2.2] AndroidManifest.xml:31:13-35
80            android:exported="false" >
80-->[com.google.android.gms:play-services-measurement:17.2.2] AndroidManifest.xml:32:13-37
81        </receiver>
82        <receiver
82-->[com.google.android.gms:play-services-measurement:17.2.2] AndroidManifest.xml:34:9-42:20
83            android:name="com.google.android.gms.measurement.AppMeasurementInstallReferrerReceiver"
83-->[com.google.android.gms:play-services-measurement:17.2.2] AndroidManifest.xml:35:13-100
84            android:enabled="true"
84-->[com.google.android.gms:play-services-measurement:17.2.2] AndroidManifest.xml:36:13-35
85            android:exported="true"
85-->[com.google.android.gms:play-services-measurement:17.2.2] AndroidManifest.xml:37:13-36
86            android:permission="android.permission.INSTALL_PACKAGES" >
86-->[com.google.android.gms:play-services-measurement:17.2.2] AndroidManifest.xml:38:13-69
87            <intent-filter>
87-->[com.google.android.gms:play-services-measurement:17.2.2] AndroidManifest.xml:39:13-41:29
88                <action android:name="com.android.vending.INSTALL_REFERRER" />
88-->[com.google.android.gms:play-services-measurement:17.2.2] AndroidManifest.xml:40:17-79
88-->[com.google.android.gms:play-services-measurement:17.2.2] AndroidManifest.xml:40:25-76
89            </intent-filter>
90        </receiver>
91
92        <service
92-->[com.google.android.gms:play-services-measurement:17.2.2] AndroidManifest.xml:44:9-47:40
93            android:name="com.google.android.gms.measurement.AppMeasurementService"
93-->[com.google.android.gms:play-services-measurement:17.2.2] AndroidManifest.xml:45:13-84
94            android:enabled="true"
94-->[com.google.android.gms:play-services-measurement:17.2.2] AndroidManifest.xml:46:13-35
95            android:exported="false" />
95-->[com.google.android.gms:play-services-measurement:17.2.2] AndroidManifest.xml:47:13-37
96        <service
96-->[com.google.android.gms:play-services-measurement:17.2.2] AndroidManifest.xml:48:9-52:72
97            android:name="com.google.android.gms.measurement.AppMeasurementJobService"
97-->[com.google.android.gms:play-services-measurement:17.2.2] AndroidManifest.xml:49:13-87
98            android:enabled="true"
98-->[com.google.android.gms:play-services-measurement:17.2.2] AndroidManifest.xml:50:13-35
99            android:exported="false"
99-->[com.google.android.gms:play-services-measurement:17.2.2] AndroidManifest.xml:51:13-37
100            android:permission="android.permission.BIND_JOB_SERVICE" />
100-->[com.google.android.gms:play-services-measurement:17.2.2] AndroidManifest.xml:52:13-69
101
102        <provider
102-->[com.google.firebase:firebase-common:19.3.0] AndroidManifest.xml:26:9-30:39
103            android:name="com.google.firebase.provider.FirebaseInitProvider"
103-->[com.google.firebase:firebase-common:19.3.0] AndroidManifest.xml:27:13-77
104            android:authorities="com.drommond.testecovidapp.firebaseinitprovider"
104-->[com.google.firebase:firebase-common:19.3.0] AndroidManifest.xml:28:13-72
105            android:exported="false"
105-->[com.google.firebase:firebase-common:19.3.0] AndroidManifest.xml:29:13-37
106            android:initOrder="100" />
106-->[com.google.firebase:firebase-common:19.3.0] AndroidManifest.xml:30:13-36
107
108        <meta-data
108-->[com.google.android.gms:play-services-basement:17.0.0] AndroidManifest.xml:23:9-25:69
109            android:name="com.google.android.gms.version"
109-->[com.google.android.gms:play-services-basement:17.0.0] AndroidManifest.xml:24:13-58
110            android:value="@integer/google_play_services_version" />
110-->[com.google.android.gms:play-services-basement:17.0.0] AndroidManifest.xml:25:13-66
111    </application>
112
113</manifest>